# JRE version: Java(TM) SE Runtime Environment (18.0.2+9) (build 18.0.2+9-61)
# Java VM: Java HotSpot(TM) 64-Bit Server VM (18.0.2+9-61, mixed mode, sharing, tiered, compressed oops, compressed class ptrs, g1 gc, windows-amd64)
GC Precious Log:
 CardTable entry size: 512
 Card Set container configuration: InlinePtr #cards 4 size 8 Array Of Cards #cards 16 size 48 Howl #buckets 8 coarsen threshold 3686 Howl Bitmap #cards 512 size 80 coarsen threshold 460 Card regions per heap region 1 cards per card region 4096
 CPUs: 8 total, 8 available
 Memory: 16149M
 Large Page Support: Disabled
 NUMA Support: Disabled
 Compressed Oops: Enabled (Zero based)
 Heap Region Size: 2M
 Heap Min Capacity: 8M
 Heap Initial Capacity: 254M
 Heap Max Capacity: 4038M
 Pre-touch: Disabled
 Parallel Workers: 8
 Concurrent Workers: 2
 Concurrent Refinement Workers: 8
 Periodic GC: Disabled
Heap:
 garbage-first heap   total 77824K, used 62612K [0x0000000703a00000, 0x0000000800000000)
  region size 2048K, 22 young (45056K), 3 survivors (6144K)
 Metaspace       used 63159K, committed 63744K, reserved 1114112K
  class space    used 8237K, committed 8512K, reserved 1048576K
GC Heap History (20 events):
Event: 2.070 GC heap after
{Heap after GC invocations=7 (full 0):
 garbage-first heap   total 57344K, used 15589K [0x0000000703a00000, 0x0000000800000000)
  region size 2048K, 1 young (2048K), 1 survivors (2048K)
 Metaspace       used 26300K, committed 26688K, reserved 1114112K
  class space    used 3140K, committed 3328K, reserved 1048576K
}
Event: 2.330 GC heap before
{Heap before GC invocations=7 (full 0):
 garbage-first heap   total 57344K, used 40165K [0x0000000703a00000, 0x0000000800000000)
  region size 2048K, 13 young (26624K), 1 survivors (2048K)
 Metaspace       used 29039K, committed 29504K, reserved 1114112K
  class space    used 3486K, committed 3712K, reserved 1048576K
}
Event: 2.334 GC heap after
{Heap after GC invocations=8 (full 0):
 garbage-first heap   total 159744K, used 17022K [0x0000000703a00000, 0x0000000800000000)
  region size 2048K, 2 young (4096K), 2 survivors (4096K)
 Metaspace       used 29039K, committed 29504K, reserved 1114112K
  class space    used 3486K, committed 3712K, reserved 1048576K
}
Event: 2.858 GC heap before
{Heap before GC invocations=8 (full 0):
 garbage-first heap   total 159744K, used 90750K [0x0000000703a00000, 0x0000000800000000)
  region size 2048K, 39 young (79872K), 2 survivors (4096K)
 Metaspace       used 35594K, committed 36096K, reserved 1114112K
  class space    used 4422K, committed 4672K, reserved 1048576K
}
Event: 2.862 GC heap after
{Heap after GC invocations=9 (full 0):
 garbage-first heap   total 159744K, used 18608K [0x0000000703a00000, 0x0000000800000000)
  region size 2048K, 3 young (6144K), 3 survivors (6144K)
 Metaspace       used 35594K, committed 36096K, reserved 1114112K
  class space    used 4422K, committed 4672K, reserved 1048576K
}
Event: 3.190 GC heap before
{Heap before GC invocations=10 (full 0):
 garbage-first heap   total 75776K, used 67760K [0x0000000703a00000, 0x0000000800000000)
  region size 2048K, 27 young (55296K), 3 survivors (6144K)
 Metaspace       used 40965K, committed 41472K, reserved 1114112K
  class space    used 5141K, committed 5376K, reserved 1048576K
}
Event: 3.193 GC heap after
{Heap after GC invocations=11 (full 0):
 garbage-first heap   total 77824K, used 20583K [0x0000000703a00000, 0x0000000800000000)
  region size 2048K, 3 young (6144K), 3 survivors (6144K)
 Metaspace       used 40965K, committed 41472K, reserved 1114112K
  class space    used 5141K, committed 5376K, reserved 1048576K
}
Event: 3.215 GC heap before
{Heap before GC invocations=11 (full 0):
 garbage-first heap   total 77824K, used 22631K [0x0000000703a00000, 0x0000000800000000)
  region size 2048K, 4 young (8192K), 3 survivors (6144K)
 Metaspace       used 41924K, committed 42432K, reserved 1114112K
  class space    used 5242K, committed 5440K, reserved 1048576K
}
Event: 3.219 GC heap after
{Heap after GC invocations=12 (full 0):
 garbage-first heap   total 77824K, used 20233K [0x0000000703a00000, 0x0000000800000000)
  region size 2048K, 1 young (2048K), 1 survivors (2048K)
 Metaspace       used 41924K, committed 42432K, reserved 1114112K
  class space    used 5242K, committed 5440K, reserved 1048576K
}
Event: 3.487 GC heap before
{Heap before GC invocations=12 (full 0):
 garbage-first heap   total 77824K, used 57097K [0x0000000703a00000, 0x0000000800000000)
  region size 2048K, 20 young (40960K), 1 survivors (2048K)
 Metaspace       used 46947K, committed 47488K, reserved 1114112K
  class space    used 5911K, committed 6208K, reserved 1048576K
}
Event: 3.488 GC heap after
{Heap after GC invocations=13 (full 0):
 garbage-first heap   total 77824K, used 20610K [0x0000000703a00000, 0x0000000800000000)
  region size 2048K, 1 young (2048K), 1 survivors (2048K)
 Metaspace       used 46947K, committed 47488K, reserved 1114112K
  class space    used 5911K, committed 6208K, reserved 1048576K
}
Event: 3.715 GC heap before
{Heap before GC invocations=13 (full 0):
 garbage-first heap   total 77824K, used 57474K [0x0000000703a00000, 0x0000000800000000)
  region size 2048K, 20 young (40960K), 1 survivors (2048K)
 Metaspace       used 50462K, committed 51008K, reserved 1114112K
  class space    used 6320K, committed 6592K, reserved 1048576K
}
Event: 3.717 GC heap after
{Heap after GC invocations=14 (full 0):
 garbage-first heap   total 77824K, used 21403K [0x0000000703a00000, 0x0000000800000000)
  region size 2048K, 1 young (2048K), 1 survivors (2048K)
 Metaspace       used 50462K, committed 51008K, reserved 1114112K
  class space    used 6320K, committed 6592K, reserved 1048576K
}
Event: 3.994 GC heap before
{Heap before GC invocations=14 (full 0):
 garbage-first heap   total 77824K, used 62363K [0x0000000703a00000, 0x0000000800000000)
  region size 2048K, 21 young (43008K), 1 survivors (2048K)
 Metaspace       used 54904K, committed 55424K, reserved 1114112K
  class space    used 7053K, committed 7296K, reserved 1048576K
}
Event: 3.997 GC heap after
{Heap after GC invocations=15 (full 0):
 garbage-first heap   total 77824K, used 22155K [0x0000000703a00000, 0x0000000800000000)
  region size 2048K, 2 young (4096K), 2 survivors (4096K)
 Metaspace       used 54904K, committed 55424K, reserved 1114112K
  class space    used 7053K, committed 7296K, reserved 1048576K
}
Event: 4.230 GC heap before
{Heap before GC invocations=15 (full 0):
 garbage-first heap   total 77824K, used 59019K [0x0000000703a00000, 0x0000000800000000)
  region size 2048K, 21 young (43008K), 2 survivors (4096K)
 Metaspace       used 58586K, committed 59136K, reserved 1114112K
  class space    used 7610K, committed 7872K, reserved 1048576K
}
Event: 4.232 GC heap after
{Heap after GC invocations=16 (full 0):
 garbage-first heap   total 77824K, used 23216K [0x0000000703a00000, 0x0000000800000000)
  region size 2048K, 2 young (4096K), 2 survivors (4096K)
 Metaspace       used 58586K, committed 59136K, reserved 1114112K
  class space    used 7610K, committed 7872K, reserved 1048576K
}
Event: 4.337 GC heap before
{Heap before GC invocations=16 (full 0):
 garbage-first heap   total 77824K, used 35504K [0x0000000703a00000, 0x0000000800000000)
  region size 2048K, 9 young (18432K), 2 survivors (4096K)
 Metaspace       used 59851K, committed 60416K, reserved 1114112K
  class space    used 7765K, committed 8064K, reserved 1048576K
}
Event: 4.340 GC heap after
{Heap after GC invocations=17 (full 0):
 garbage-first heap   total 77824K, used 23700K [0x0000000703a00000, 0x0000000800000000)
  region size 2048K, 2 young (4096K), 2 survivors (4096K)
 Metaspace       used 59851K, committed 60416K, reserved 1114112K
  class space    used 7765K, committed 8064K, reserved 1048576K
}
Event: 1763.133 GC heap before
{Heap before GC invocations=18 (full 0):
 garbage-first heap   total 77824K, used 62612K [0x0000000703a00000, 0x0000000800000000)
  region size 2048K, 21 young (43008K), 2 survivors (4096K)
 Metaspace       used 63159K, committed 63744K, reserved 1114112K
  class space    used 8237K, committed 8512K, reserved 1048576K
}

